<?xml version="1.0" encoding="UTF-8"?>
<!-- Generated by org.testng.reporters.JUnitReportReporter -->
<testsuite hostname="T460s-60086" failures="0" tests="1" name="com.aspirationbank.modules.SpendandSaveTest" time="2.780" errors="0" timestamp="12 Nov 2021 06:03:07 GMT">
  <testcase classname="com.aspirationbank.modules.SpendandSaveTest" name="getSpendandSaveTest" time="2.780"/>
</testsuite> <!-- com.aspirationbank.modules.SpendandSaveTest -->
