<?xml version="1.0" encoding="UTF-8"?>
<!-- Generated by org.testng.reporters.JUnitReportReporter -->
<testsuite hostname="T460s-60086" failures="0" tests="1" name="com.aspirationbank.modules.AspirationPageTest" time="2.934" errors="0" timestamp="12 Nov 2021 06:20:04 GMT">
  <testcase classname="com.aspirationbank.modules.AspirationPageTest" name="getHomePageTest" time="2.934"/>
</testsuite> <!-- com.aspirationbank.modules.AspirationPageTest -->
