<?xml version="1.0" encoding="UTF-8"?>
<!-- Generated by org.testng.reporters.JUnitReportReporter -->
<testsuite hostname="T460s-60086" failures="0" tests="1" name="com.aspirationbank.modules.SpreadandSaveTest" time="2.708" errors="0" timestamp="12 Nov 2021 03:37:38 GMT">
  <testcase classname="com.aspirationbank.modules.SpreadandSaveTest" name="getSpenandSave" time="2.708"/>
</testsuite> <!-- com.aspirationbank.modules.SpreadandSaveTest -->
